<?xml version="1.0" encoding="UTF-8"?>
<testsuite xmlns:xsi="http://www.w3.org/2001/XMLSchema-instance" xsi:noNamespaceSchemaLocation="https://maven.apache.org/surefire/maven-surefire-plugin/xsd/surefire-test-report.xsd" name="cucumber_options.TestRunner" time="3.882" tests="24" errors="0" skipped="0" failures="0">
  <properties>
[...]
</properties>
  <testcase name="Check AddTaskAPI add task empty title" classname="Negative Cases for Takeaway Task API&apos;s" time="1.034"/>
  <testcase name="Check AddTaskAPI add task null title" classname="Negative Cases for Takeaway Task API&apos;s" time="0.027"/>
  <testcase name="Check AddTaskAPI add task title with long characters" classname="Negative Cases for Takeaway Task API&apos;s" time="0.033"/>
  <testcase name="Check get task with invalid id" classname="Negative Cases for Takeaway Task API&apos;s" time="0.162"/>
  <testcase name="Check put task with invalid id" classname="Negative Cases for Takeaway Task API&apos;s" time="0.026"/>
  <testcase name="Check put task with empty title" classname="Negative Cases for Takeaway Task API&apos;s" time="0.018"/>
  <testcase name="Check put task with null title" classname="Negative Cases for Takeaway Task API&apos;s" time="0.012"/>
  <testcase name="Validate delete task with invalid id" classname="Negative Cases for Takeaway Task API&apos;s" time="0.013"/>
  <testcase name="Check AddTaskAPI without tokens" classname="Negative Cases for Takeaway Task API&apos;s" time="0.014"/>
  <testcase name="Check getTaskAPI  without tokens" classname="Negative Cases for Takeaway Task API&apos;s" time="0.012"/>
  <testcase name="Check getAllTaskAPI  without tokens" classname="Negative Cases for Takeaway Task API&apos;s" time="0.009"/>
  <testcase name="Check PutTaskAPI  without tokens" classname="Negative Cases for Takeaway Task API&apos;s" time="0.017"/>
  <testcase name="Check deleteTaskAPI  without tokens" classname="Negative Cases for Takeaway Task API&apos;s" time="0.01"/>
  <testcase name="Check AddTaskAPI with invalid endpoint" classname="Negative Cases for Takeaway Task API&apos;s" time="0.014"/>
  <testcase name="Check getTaskAPI invalid endpoint" classname="Negative Cases for Takeaway Task API&apos;s" time="0.011"/>
  <testcase name="Check getAllTaskAPI invalid endpoint" classname="Negative Cases for Takeaway Task API&apos;s" time="0.011"/>
  <testcase name="Check PutTaskAPI invalid endpoint" classname="Negative Cases for Takeaway Task API&apos;s" time="0.011"/>
  <testcase name="Check deleteTaskAPI invalid endpoint" classname="Negative Cases for Takeaway Task API&apos;s" time="0.01"/>
  <testcase name="Get a valid token" classname="Validating Takeaway Task API&apos;s" time="1.202"/>
  <testcase name="Validate AddTaskAPI add task" classname="Validating Takeaway Task API&apos;s" time="0.165"/>
  <testcase name="Validate get task with id" classname="Validating Takeaway Task API&apos;s" time="0.156"/>
  <testcase name="Validate get all tasks" classname="Validating Takeaway Task API&apos;s" time="0.208"/>
  <testcase name="Validate put task with id" classname="Validating Takeaway Task API&apos;s" time="0.116"/>
  <testcase name="Validate delete task with id" classname="Validating Takeaway Task API&apos;s" time="0.077"/>
</testsuite>